<?xml version="1.0" encoding="UTF-8"?>
<!-- Generated by org.testng.reporters.JUnitReportReporter -->
<testsuite hostname="DESKTOP-9THL6PP" failures="0" tests="11" name="testPackage.taskTest" time="28.836" errors="0" timestamp="2021-11-27T20:31:32 EET" skipped="0">
  <testcase classname="testPackage.taskTest" name="assertAccountAuthenticated" time="0.046"/>
  <system-out/>
  <testcase classname="testPackage.taskTest" name="clickSignIn" time="2.007"/>
  <system-out/>
  <testcase classname="testPackage.taskTest" name="addBlouseToCart" time="0.216"/>
  <system-out/>
  <testcase classname="testPackage.taskTest" name="navigateToUrl" time="4.221"/>
  <system-out/>
  <testcase classname="testPackage.taskTest" name="selectBlouseWomen" time="2.282"/>
  <system-out/>
  <testcase classname="testPackage.taskTest" name="getOrderRef" time="0.036"/>
  <system-out/>
  <testcase classname="testPackage.taskTest" name="goToOrdersPage" time="2.317"/>
  <system-out/>
  <testcase classname="testPackage.taskTest" name="clickSignUp" time="0.140"/>
  <system-out/>
  <testcase classname="testPackage.taskTest" name="createNewUser" time="4.193"/>
  <system-out/>
  <testcase classname="testPackage.taskTest" name="carryCheckoutProcess" time="13.344"/>
  <system-out/>
  <testcase classname="testPackage.taskTest" name="assertOrderFromOrderHistory" time="0.034"/>
  <system-out/>
</testsuite> <!-- testPackage.taskTest -->
